[dotenv@17.2.3] injecting env (5) from .env -- tip: ⚙️  load multiple .env files with { path: ['.env.local', '.env'] }

📍 Ingesting GeoNames (Local Download Method)

🔍 Testing connection...
✅ Connected

✅ ZIP file already exists, skipping download

✅ TXT file already exists, skipping extraction

📊 Streaming to ClickHouse...
   Batch: 2025-11-22 17:33:30
   Records: 11+ million

   100,000 records (2,632 rows/sec)
   200,000 records (2,778 rows/sec)
   300,000 records (2,609 rows/sec)
   400,000 records (2,685 rows/sec)
   500,000 records (2,564 rows/sec)
   600,000 records (2,510 rows/sec)
   700,000 records (2,491 rows/sec)
   800,000 records (2,589 rows/sec)
   900,000 records (2,609 rows/sec)
   1,000,000 records (2,625 rows/sec)
   1,100,000 records (2,607 rows/sec)
   1,200,000 records (2,626 rows/sec)
