📦 Storage backend: clickhouse

🚀 Starting database ingestion...

📦 Ingesting Schema.org...
  Found 920 types
  Found 1510 properties
  Inserting 2430 things...
  Inserting 5350 relationships...

📦 Ingesting O*NET...
  Found 1016 occupations
  Found 62580 skill entries
  Found 59004 knowledge entries
  Found 92976 ability entries
  Found 73308 work activity entries
  Found 297676 work context entries
  Found 14304 work style entries
  Found 7866 work value entries
  Found 8307 interest entries
  Found 161559 task ratings
  Found 32681 technology skills
  Found 41662 tools

  Total unique O*NET things: 23,481
  Total O*NET relationships: 851,923
  Inserting things 1-1000...
  Inserting things 1001-2000...
  Inserting things 2001-3000...
  Inserting things 3001-4000...
  Inserting things 4001-5000...
  Inserting things 5001-6000...
  Inserting things 6001-7000...
  Inserting things 7001-8000...
  Inserting things 8001-9000...
  Inserting things 9001-10000...
  Inserting things 10001-11000...
  Inserting things 11001-12000...
  Inserting things 12001-13000...
  Inserting things 13001-14000...
  Inserting things 14001-15000...
  Inserting things 15001-16000...
  Inserting things 16001-17000...
  Inserting things 17001-18000...
  Inserting things 18001-19000...
  Inserting things 19001-20000...
  Inserting things 20001-21000...
  Inserting things 21001-22000...
  Inserting things 22001-23000...
  Inserting things 23001-23481...
  Inserting relationships 1-1000...
  Inserting relationships 1001-2000...
  Inserting relationships 2001-3000...
  Inserting relationships 3001-4000...
  Inserting relationships 4001-5000...
  Inserting relationships 5001-6000...
  Inserting relationships 6001-7000...
  Inserting relationships 7001-8000...
  Inserting relationships 8001-9000...
  Inserting relationships 9001-10000...
  Inserting relationships 10001-11000...
  Inserting relationships 11001-12000...
  Inserting relationships 12001-13000...
  Inserting relationships 13001-14000...
  Inserting relationships 14001-15000...
  Inserting relationships 15001-16000...
  Inserting relationships 16001-17000...
  Inserting relationships 17001-18000...
  Inserting relationships 18001-19000...
  Inserting relationships 19001-20000...
  Inserting relationships 20001-21000...
  Inserting relationships 21001-22000...
  Inserting relationships 22001-23000...
  Inserting relationships 23001-24000...
  Inserting relationships 24001-25000...
  Inserting relationships 25001-26000...
  Inserting relationships 26001-27000...
  Inserting relationships 27001-28000...
  Inserting relationships 28001-29000...
  Inserting relationships 29001-30000...
  Inserting relationships 30001-31000...
  Inserting relationships 31001-32000...
  Inserting relationships 32001-33000...
  Inserting relationships 33001-34000...
  Inserting relationships 34001-35000...
  Inserting relationships 35001-36000...
  Inserting relationships 36001-37000...
  Inserting relationships 37001-38000...
  Inserting relationships 38001-39000...
  Inserting relationships 39001-40000...
  Inserting relationships 40001-41000...
  Inserting relationships 41001-42000...
  Inserting relationships 42001-43000...
  Inserting relationships 43001-44000...
  Inserting relationships 44001-45000...
  Inserting relationships 45001-46000...
  Inserting relationships 46001-47000...
  Inserting relationships 47001-48000...
  Inserting relationships 48001-49000...
  Inserting relationships 49001-50000...
  Inserting relationships 50001-51000...
  Inserting relationships 51001-52000...
  Inserting relationships 52001-53000...
  Inserting relationships 53001-54000...
  Inserting relationships 54001-55000...
  Inserting relationships 55001-56000...
  Inserting relationships 56001-57000...
  Inserting relationships 57001-58000...
  Inserting relationships 58001-59000...
  Inserting relationships 59001-60000...
  Inserting relationships 60001-61000...
  Inserting relationships 61001-62000...
  Inserting relationships 62001-63000...
  Inserting relationships 63001-64000...
  Inserting relationships 64001-65000...
  Inserting relationships 65001-66000...
  Inserting relationships 66001-67000...
  Inserting relationships 67001-68000...
  Inserting relationships 68001-69000...
  Inserting relationships 69001-70000...
  Inserting relationships 70001-71000...
  Inserting relationships 71001-72000...
  Inserting relationships 72001-73000...
  Inserting relationships 73001-74000...
  Inserting relationships 74001-75000...
  Inserting relationships 75001-76000...
  Inserting relationships 76001-77000...
  Inserting relationships 77001-78000...
  Inserting relationships 78001-79000...
  Inserting relationships 79001-80000...
  Inserting relationships 80001-81000...
  Inserting relationships 81001-82000...
  Inserting relationships 82001-83000...
  Inserting relationships 83001-84000...
  Inserting relationships 84001-85000...
  Inserting relationships 85001-86000...
  Inserting relationships 86001-87000...
  Inserting relationships 87001-88000...
  Inserting relationships 88001-89000...
  Inserting relationships 89001-90000...
  Inserting relationships 90001-91000...
  Inserting relationships 91001-92000...
  Inserting relationships 92001-93000...
  Inserting relationships 93001-94000...
  Inserting relationships 94001-95000...
  Inserting relationships 95001-96000...
  Inserting relationships 96001-97000...
  Inserting relationships 97001-98000...
  Inserting relationships 98001-99000...
  Inserting relationships 99001-100000...
  Inserting relationships 100001-101000...
  Inserting relationships 101001-102000...
  Inserting relationships 102001-103000...
  Inserting relationships 103001-104000...
  Inserting relationships 104001-105000...
  Inserting relationships 105001-106000...
  Inserting relationships 106001-107000...
  Inserting relationships 107001-108000...
  Inserting relationships 108001-109000...
  Inserting relationships 109001-110000...
  Inserting relationships 110001-111000...
  Inserting relationships 111001-112000...
  Inserting relationships 112001-113000...
  Inserting relationships 113001-114000...
  Inserting relationships 114001-115000...
  Inserting relationships 115001-116000...
  Inserting relationships 116001-117000...
  Inserting relationships 117001-118000...
  Inserting relationships 118001-119000...
  Inserting relationships 119001-120000...
  Inserting relationships 120001-121000...
  Inserting relationships 121001-122000...
  Inserting relationships 122001-123000...
  Inserting relationships 123001-124000...
  Inserting relationships 124001-125000...
  Inserting relationships 125001-126000...
  Inserting relationships 126001-127000...
  Inserting relationships 127001-128000...
  Inserting relationships 128001-129000...
  Inserting relationships 129001-130000...
  Inserting relationships 130001-131000...
  Inserting relationships 131001-132000...
  Inserting relationships 132001-133000...
  Inserting relationships 133001-134000...
  Inserting relationships 134001-135000...
  Inserting relationships 135001-136000...
  Inserting relationships 136001-137000...
  Inserting relationships 137001-138000...
  Inserting relationships 138001-139000...
  Inserting relationships 139001-140000...
  Inserting relationships 140001-141000...
  Inserting relationships 141001-142000...
  Inserting relationships 142001-143000...
  Inserting relationships 143001-144000...
  Inserting relationships 144001-145000...
  Inserting relationships 145001-146000...
  Inserting relationships 146001-147000...
  Inserting relationships 147001-148000...
  Inserting relationships 148001-149000...
  Inserting relationships 149001-150000...
  Inserting relationships 150001-151000...
  Inserting relationships 151001-152000...
  Inserting relationships 152001-153000...
  Inserting relationships 153001-154000...
  Inserting relationships 154001-155000...
  Inserting relationships 155001-156000...
  Inserting relationships 156001-157000...
  Inserting relationships 157001-158000...
  Inserting relationships 158001-159000...
  Inserting relationships 159001-160000...
  Inserting relationships 160001-161000...
  Inserting relationships 161001-162000...
  Inserting relationships 162001-163000...
  Inserting relationships 163001-164000...
  Inserting relationships 164001-165000...
  Inserting relationships 165001-166000...
  Inserting relationships 166001-167000...
  Inserting relationships 167001-168000...
  Inserting relationships 168001-169000...
  Inserting relationships 169001-170000...
  Inserting relationships 170001-171000...
  Inserting relationships 171001-172000...
  Inserting relationships 172001-173000...
  Inserting relationships 173001-174000...
  Inserting relationships 174001-175000...
  Inserting relationships 175001-176000...
  Inserting relationships 176001-177000...
  Inserting relationships 177001-178000...
  Inserting relationships 178001-179000...
  Inserting relationships 179001-180000...
  Inserting relationships 180001-181000...
  Inserting relationships 181001-182000...
  Inserting relationships 182001-183000...
  Inserting relationships 183001-184000...
  Inserting relationships 184001-185000...
  Inserting relationships 185001-186000...
  Inserting relationships 186001-187000...
  Inserting relationships 187001-188000...
  Inserting relationships 188001-189000...
  Inserting relationships 189001-190000...
  Inserting relationships 190001-191000...
  Inserting relationships 191001-192000...
  Inserting relationships 192001-193000...
  Inserting relationships 193001-194000...
  Inserting relationships 194001-195000...
  Inserting relationships 195001-196000...
  Inserting relationships 196001-197000...
  Inserting relationships 197001-198000...
  Inserting relationships 198001-199000...
  Inserting relationships 199001-200000...
  Inserting relationships 200001-201000...
  Inserting relationships 201001-202000...
  Inserting relationships 202001-203000...
  Inserting relationships 203001-204000...
  Inserting relationships 204001-205000...
  Inserting relationships 205001-206000...
  Inserting relationships 206001-207000...
  Inserting relationships 207001-208000...
  Inserting relationships 208001-209000...
  Inserting relationships 209001-210000...
  Inserting relationships 210001-211000...
  Inserting relationships 211001-212000...
  Inserting relationships 212001-213000...
  Inserting relationships 213001-214000...
  Inserting relationships 214001-215000...
  Inserting relationships 215001-216000...
  Inserting relationships 216001-217000...
  Inserting relationships 217001-218000...
  Inserting relationships 218001-219000...
  Inserting relationships 219001-220000...
  Inserting relationships 220001-221000...
  Inserting relationships 221001-222000...
  Inserting relationships 222001-223000...
  Inserting relationships 223001-224000...
  Inserting relationships 224001-225000...
  Inserting relationships 225001-226000...
  Inserting relationships 226001-227000...
  Inserting relationships 227001-228000...
  Inserting relationships 228001-229000...
  Inserting relationships 229001-230000...
  Inserting relationships 230001-231000...
  Inserting relationships 231001-232000...
  Inserting relationships 232001-233000...
  Inserting relationships 233001-234000...
  Inserting relationships 234001-235000...
  Inserting relationships 235001-236000...
  Inserting relationships 236001-237000...
  Inserting relationships 237001-238000...
  Inserting relationships 238001-239000...
  Inserting relationships 239001-240000...
  Inserting relationships 240001-241000...
  Inserting relationships 241001-242000...
  Inserting relationships 242001-243000...
  Inserting relationships 243001-244000...
  Inserting relationships 244001-245000...
  Inserting relationships 245001-246000...
  Inserting relationships 246001-247000...
  Inserting relationships 247001-248000...
  Inserting relationships 248001-249000...
  Inserting relationships 249001-250000...
  Inserting relationships 250001-251000...
  Inserting relationships 251001-252000...
  Inserting relationships 252001-253000...
  Inserting relationships 253001-254000...
  Inserting relationships 254001-255000...
  Inserting relationships 255001-256000...
  Inserting relationships 256001-257000...
  Inserting relationships 257001-258000...
  Inserting relationships 258001-259000...
  Inserting relationships 259001-260000...
  Inserting relationships 260001-261000...
  Inserting relationships 261001-262000...
  Inserting relationships 262001-263000...
  Inserting relationships 263001-264000...
  Inserting relationships 264001-265000...
  Inserting relationships 265001-266000...
  Inserting relationships 266001-267000...
  Inserting relationships 267001-268000...
  Inserting relationships 268001-269000...
  Inserting relationships 269001-270000...
  Inserting relationships 270001-271000...
  Inserting relationships 271001-272000...
  Inserting relationships 272001-273000...
  Inserting relationships 273001-274000...
  Inserting relationships 274001-275000...
  Inserting relationships 275001-276000...
  Inserting relationships 276001-277000...
  Inserting relationships 277001-278000...
  Inserting relationships 278001-279000...
  Inserting relationships 279001-280000...
  Inserting relationships 280001-281000...
  Inserting relationships 281001-282000...
  Inserting relationships 282001-283000...
  Inserting relationships 283001-284000...
  Inserting relationships 284001-285000...
  Inserting relationships 285001-286000...
  Inserting relationships 286001-287000...
  Inserting relationships 287001-288000...
  Inserting relationships 288001-289000...
  Inserting relationships 289001-290000...
  Inserting relationships 290001-291000...
  Inserting relationships 291001-292000...
  Inserting relationships 292001-293000...
  Inserting relationships 293001-294000...
  Inserting relationships 294001-295000...
  Inserting relationships 295001-296000...
  Inserting relationships 296001-297000...
  Inserting relationships 297001-298000...
  Inserting relationships 298001-299000...
  Inserting relationships 299001-300000...
  Inserting relationships 300001-301000...
  Inserting relationships 301001-302000...
  Inserting relationships 302001-303000...
  Inserting relationships 303001-304000...
  Inserting relationships 304001-305000...
  Inserting relationships 305001-306000...
  Inserting relationships 306001-307000...
  Inserting relationships 307001-308000...
  Inserting relationships 308001-309000...
  Inserting relationships 309001-310000...
  Inserting relationships 310001-311000...
  Inserting relationships 311001-312000...
  Inserting relationships 312001-313000...
  Inserting relationships 313001-314000...
  Inserting relationships 314001-315000...
  Inserting relationships 315001-316000...
  Inserting relationships 316001-317000...
  Inserting relationships 317001-318000...
  Inserting relationships 318001-319000...
  Inserting relationships 319001-320000...
  Inserting relationships 320001-321000...
  Inserting relationships 321001-322000...
  Inserting relationships 322001-323000...
  Inserting relationships 323001-324000...
  Inserting relationships 324001-325000...
  Inserting relationships 325001-326000...
  Inserting relationships 326001-327000...
  Inserting relationships 327001-328000...
  Inserting relationships 328001-329000...
  Inserting relationships 329001-330000...
  Inserting relationships 330001-331000...
  Inserting relationships 331001-332000...
  Inserting relationships 332001-333000...
  Inserting relationships 333001-334000...
  Inserting relationships 334001-335000...
  Inserting relationships 335001-336000...
  Inserting relationships 336001-337000...
  Inserting relationships 337001-338000...
  Inserting relationships 338001-339000...
  Inserting relationships 339001-340000...
  Inserting relationships 340001-341000...
  Inserting relationships 341001-342000...
  Inserting relationships 342001-343000...
  Inserting relationships 343001-344000...
  Inserting relationships 344001-345000...
  Inserting relationships 345001-346000...
  Inserting relationships 346001-347000...
  Inserting relationships 347001-348000...
  Inserting relationships 348001-349000...
  Inserting relationships 349001-350000...
  Inserting relationships 350001-351000...
  Inserting relationships 351001-352000...
  Inserting relationships 352001-353000...
  Inserting relationships 353001-354000...
  Inserting relationships 354001-355000...
  Inserting relationships 355001-356000...
  Inserting relationships 356001-357000...
  Inserting relationships 357001-358000...
  Inserting relationships 358001-359000...
  Inserting relationships 359001-360000...
  Inserting relationships 360001-361000...
  Inserting relationships 361001-362000...
  Inserting relationships 362001-363000...
  Inserting relationships 363001-364000...
  Inserting relationships 364001-365000...
  Inserting relationships 365001-366000...
  Inserting relationships 366001-367000...
  Inserting relationships 367001-368000...
  Inserting relationships 368001-369000...
  Inserting relationships 369001-370000...
  Inserting relationships 370001-371000...
  Inserting relationships 371001-372000...
  Inserting relationships 372001-373000...
  Inserting relationships 373001-374000...
  Inserting relationships 374001-375000...
  Inserting relationships 375001-376000...
  Inserting relationships 376001-377000...
  Inserting relationships 377001-378000...
  Inserting relationships 378001-379000...
  Inserting relationships 379001-380000...
  Inserting relationships 380001-381000...
  Inserting relationships 381001-382000...
  Inserting relationships 382001-383000...
  Inserting relationships 383001-384000...
  Inserting relationships 384001-385000...
  Inserting relationships 385001-386000...
  Inserting relationships 386001-387000...
  Inserting relationships 387001-388000...
