📦 Storage backend: clickhouse

🚀 Starting database ingestion...

📦 Ingesting Schema.org...
  Found 920 types
  Found 1510 properties
  Inserting 2430 things...
  Inserting 5350 relationships...

📦 Ingesting O*NET...
  Found 1016 occupations
  Found 62580 skill entries
  Found 59004 knowledge entries
  Found 92976 ability entries
  Found 73308 work activity entries
  Found 297676 work context entries
  Found 14304 work style entries
  Found 7866 work value entries
  Found 8307 interest entries
  Found 161559 task ratings
  Found 32681 technology skills
  Found 41662 tools

  Total unique O*NET things: 23,481
  Total O*NET relationships: 851,923
  Inserting things 1-1000...
  Inserting things 1001-2000...
  Inserting things 2001-3000...
  Inserting things 3001-4000...
  Inserting things 4001-5000...
  Inserting things 5001-6000...
  Inserting things 6001-7000...
  Inserting things 7001-8000...
  Inserting things 8001-9000...
  Inserting things 9001-10000...
  Inserting things 10001-11000...
  Inserting things 11001-12000...
  Inserting things 12001-13000...
  Inserting things 13001-14000...
  Inserting things 14001-15000...
  Inserting things 15001-16000...
  Inserting things 16001-17000...
  Inserting things 17001-18000...
  Inserting things 18001-19000...
  Inserting things 19001-20000...
  Inserting things 20001-21000...
  Inserting things 21001-22000...
  Inserting things 22001-23000...
  Inserting things 23001-23481...
  Inserting relationships 1-1000...
  Inserting relationships 1001-2000...
  Inserting relationships 2001-3000...
  Inserting relationships 3001-4000...
  Inserting relationships 4001-5000...
  Inserting relationships 5001-6000...
  Inserting relationships 6001-7000...
  Inserting relationships 7001-8000...
  Inserting relationships 8001-9000...
  Inserting relationships 9001-10000...
  Inserting relationships 10001-11000...
  Inserting relationships 11001-12000...
  Inserting relationships 12001-13000...
  Inserting relationships 13001-14000...
  Inserting relationships 14001-15000...
  Inserting relationships 15001-16000...
  Inserting relationships 16001-17000...
  Inserting relationships 17001-18000...
  Inserting relationships 18001-19000...
  Inserting relationships 19001-20000...
  Inserting relationships 20001-21000...
  Inserting relationships 21001-22000...
  Inserting relationships 22001-23000...
  Inserting relationships 23001-24000...
  Inserting relationships 24001-25000...
  Inserting relationships 25001-26000...
  Inserting relationships 26001-27000...
  Inserting relationships 27001-28000...
  Inserting relationships 28001-29000...
  Inserting relationships 29001-30000...
  Inserting relationships 30001-31000...
  Inserting relationships 31001-32000...
  Inserting relationships 32001-33000...
  Inserting relationships 33001-34000...
  Inserting relationships 34001-35000...
  Inserting relationships 35001-36000...
  Inserting relationships 36001-37000...
  Inserting relationships 37001-38000...
  Inserting relationships 38001-39000...
  Inserting relationships 39001-40000...
  Inserting relationships 40001-41000...
  Inserting relationships 41001-42000...
  Inserting relationships 42001-43000...
  Inserting relationships 43001-44000...
  Inserting relationships 44001-45000...
  Inserting relationships 45001-46000...
  Inserting relationships 46001-47000...
  Inserting relationships 47001-48000...
  Inserting relationships 48001-49000...
  Inserting relationships 49001-50000...
  Inserting relationships 50001-51000...
  Inserting relationships 51001-52000...
  Inserting relationships 52001-53000...
  Inserting relationships 53001-54000...
  Inserting relationships 54001-55000...
  Inserting relationships 55001-56000...
  Inserting relationships 56001-57000...
  Inserting relationships 57001-58000...
  Inserting relationships 58001-59000...
  Inserting relationships 59001-60000...
  Inserting relationships 60001-61000...
  Inserting relationships 61001-62000...
  Inserting relationships 62001-63000...
  Inserting relationships 63001-64000...
  Inserting relationships 64001-65000...
  Inserting relationships 65001-66000...
  Inserting relationships 66001-67000...
  Inserting relationships 67001-68000...
  Inserting relationships 68001-69000...
  Inserting relationships 69001-70000...
  Inserting relationships 70001-71000...
  Inserting relationships 71001-72000...
  Inserting relationships 72001-73000...
  Inserting relationships 73001-74000...
  Inserting relationships 74001-75000...
  Inserting relationships 75001-76000...
  Inserting relationships 76001-77000...
  Inserting relationships 77001-78000...
  Inserting relationships 78001-79000...
  Inserting relationships 79001-80000...
  Inserting relationships 80001-81000...
  Inserting relationships 81001-82000...
  Inserting relationships 82001-83000...
  Inserting relationships 83001-84000...
  Inserting relationships 84001-85000...
  Inserting relationships 85001-86000...
  Inserting relationships 86001-87000...
  Inserting relationships 87001-88000...
  Inserting relationships 88001-89000...
  Inserting relationships 89001-90000...
  Inserting relationships 90001-91000...
  Inserting relationships 91001-92000...
  Inserting relationships 92001-93000...
  Inserting relationships 93001-94000...
  Inserting relationships 94001-95000...
  Inserting relationships 95001-96000...
  Inserting relationships 96001-97000...
  Inserting relationships 97001-98000...
  Inserting relationships 98001-99000...
  Inserting relationships 99001-100000...
  Inserting relationships 100001-101000...
  Inserting relationships 101001-102000...
  Inserting relationships 102001-103000...
  Inserting relationships 103001-104000...
  Inserting relationships 104001-105000...
  Inserting relationships 105001-106000...
  Inserting relationships 106001-107000...
  Inserting relationships 107001-108000...
  Inserting relationships 108001-109000...
  Inserting relationships 109001-110000...
  Inserting relationships 110001-111000...
  Inserting relationships 111001-112000...
  Inserting relationships 112001-113000...
  Inserting relationships 113001-114000...
  Inserting relationships 114001-115000...
  Inserting relationships 115001-116000...
  Inserting relationships 116001-117000...
  Inserting relationships 117001-118000...
  Inserting relationships 118001-119000...
  Inserting relationships 119001-120000...
  Inserting relationships 120001-121000...
  Inserting relationships 121001-122000...
  Inserting relationships 122001-123000...
  Inserting relationships 123001-124000...
  Inserting relationships 124001-125000...
  Inserting relationships 125001-126000...
  Inserting relationships 126001-127000...
  Inserting relationships 127001-128000...
  Inserting relationships 128001-129000...
  Inserting relationships 129001-130000...
  Inserting relationships 130001-131000...
  Inserting relationships 131001-132000...
  Inserting relationships 132001-133000...
  Inserting relationships 133001-134000...
  Inserting relationships 134001-135000...
  Inserting relationships 135001-136000...
  Inserting relationships 136001-137000...
  Inserting relationships 137001-138000...
  Inserting relationships 138001-139000...
  Inserting relationships 139001-140000...
  Inserting relationships 140001-141000...
  Inserting relationships 141001-142000...
  Inserting relationships 142001-143000...
  Inserting relationships 143001-144000...
  Inserting relationships 144001-145000...
  Inserting relationships 145001-146000...
  Inserting relationships 146001-147000...
  Inserting relationships 147001-148000...
  Inserting relationships 148001-149000...
  Inserting relationships 149001-150000...
  Inserting relationships 150001-151000...
  Inserting relationships 151001-152000...
  Inserting relationships 152001-153000...
  Inserting relationships 153001-154000...
  Inserting relationships 154001-155000...
  Inserting relationships 155001-156000...
  Inserting relationships 156001-157000...
  Inserting relationships 157001-158000...
  Inserting relationships 158001-159000...
  Inserting relationships 159001-160000...
  Inserting relationships 160001-161000...
  Inserting relationships 161001-162000...
  Inserting relationships 162001-163000...
  Inserting relationships 163001-164000...
  Inserting relationships 164001-165000...
  Inserting relationships 165001-166000...
  Inserting relationships 166001-167000...
  Inserting relationships 167001-168000...
  Inserting relationships 168001-169000...
  Inserting relationships 169001-170000...
  Inserting relationships 170001-171000...
  Inserting relationships 171001-172000...
  Inserting relationships 172001-173000...
  Inserting relationships 173001-174000...
  Inserting relationships 174001-175000...
  Inserting relationships 175001-176000...
  Inserting relationships 176001-177000...
  Inserting relationships 177001-178000...
  Inserting relationships 178001-179000...
  Inserting relationships 179001-180000...
  Inserting relationships 180001-181000...
  Inserting relationships 181001-182000...
  Inserting relationships 182001-183000...
  Inserting relationships 183001-184000...
  Inserting relationships 184001-185000...
  Inserting relationships 185001-186000...
  Inserting relationships 186001-187000...
  Inserting relationships 187001-188000...
  Inserting relationships 188001-189000...
  Inserting relationships 189001-190000...
  Inserting relationships 190001-191000...
  Inserting relationships 191001-192000...
  Inserting relationships 192001-193000...
  Inserting relationships 193001-194000...
  Inserting relationships 194001-195000...
  Inserting relationships 195001-196000...
  Inserting relationships 196001-197000...
  Inserting relationships 197001-198000...
  Inserting relationships 198001-199000...
  Inserting relationships 199001-200000...
  Inserting relationships 200001-201000...
  Inserting relationships 201001-202000...
  Inserting relationships 202001-203000...
  Inserting relationships 203001-204000...
  Inserting relationships 204001-205000...
  Inserting relationships 205001-206000...
  Inserting relationships 206001-207000...
  Inserting relationships 207001-208000...
  Inserting relationships 208001-209000...
  Inserting relationships 209001-210000...
  Inserting relationships 210001-211000...
  Inserting relationships 211001-212000...
  Inserting relationships 212001-213000...
  Inserting relationships 213001-214000...
  Inserting relationships 214001-215000...
  Inserting relationships 215001-216000...
  Inserting relationships 216001-217000...
  Inserting relationships 217001-218000...
  Inserting relationships 218001-219000...
  Inserting relationships 219001-220000...
  Inserting relationships 220001-221000...
  Inserting relationships 221001-222000...
  Inserting relationships 222001-223000...
  Inserting relationships 223001-224000...
  Inserting relationships 224001-225000...
  Inserting relationships 225001-226000...
  Inserting relationships 226001-227000...
  Inserting relationships 227001-228000...
  Inserting relationships 228001-229000...
  Inserting relationships 229001-230000...
  Inserting relationships 230001-231000...
  Inserting relationships 231001-232000...
  Inserting relationships 232001-233000...
  Inserting relationships 233001-234000...
  Inserting relationships 234001-235000...
  Inserting relationships 235001-236000...
  Inserting relationships 236001-237000...
  Inserting relationships 237001-238000...
  Inserting relationships 238001-239000...
  Inserting relationships 239001-240000...
  Inserting relationships 240001-241000...
  Inserting relationships 241001-242000...
  Inserting relationships 242001-243000...
  Inserting relationships 243001-244000...
  Inserting relationships 244001-245000...
  Inserting relationships 245001-246000...
  Inserting relationships 246001-247000...
  Inserting relationships 247001-248000...
  Inserting relationships 248001-249000...
  Inserting relationships 249001-250000...
  Inserting relationships 250001-251000...
  Inserting relationships 251001-252000...
  Inserting relationships 252001-253000...
  Inserting relationships 253001-254000...
  Inserting relationships 254001-255000...
  Inserting relationships 255001-256000...
  Inserting relationships 256001-257000...
  Inserting relationships 257001-258000...
  Inserting relationships 258001-259000...
  Inserting relationships 259001-260000...
  Inserting relationships 260001-261000...
  Inserting relationships 261001-262000...
  Inserting relationships 262001-263000...
  Inserting relationships 263001-264000...
  Inserting relationships 264001-265000...
  Inserting relationships 265001-266000...
  Inserting relationships 266001-267000...
  Inserting relationships 267001-268000...
  Inserting relationships 268001-269000...
  Inserting relationships 269001-270000...
  Inserting relationships 270001-271000...
  Inserting relationships 271001-272000...
  Inserting relationships 272001-273000...
  Inserting relationships 273001-274000...
  Inserting relationships 274001-275000...
  Inserting relationships 275001-276000...
  Inserting relationships 276001-277000...
  Inserting relationships 277001-278000...
  Inserting relationships 278001-279000...
  Inserting relationships 279001-280000...
  Inserting relationships 280001-281000...
  Inserting relationships 281001-282000...
  Inserting relationships 282001-283000...
  Inserting relationships 283001-284000...
  Inserting relationships 284001-285000...
  Inserting relationships 285001-286000...
  Inserting relationships 286001-287000...
  Inserting relationships 287001-288000...
  Inserting relationships 288001-289000...
  Inserting relationships 289001-290000...
  Inserting relationships 290001-291000...
  Inserting relationships 291001-292000...
  Inserting relationships 292001-293000...
  Inserting relationships 293001-294000...
  Inserting relationships 294001-295000...
  Inserting relationships 295001-296000...
  Inserting relationships 296001-297000...
  Inserting relationships 297001-298000...
  Inserting relationships 298001-299000...
  Inserting relationships 299001-300000...
  Inserting relationships 300001-301000...
  Inserting relationships 301001-302000...
  Inserting relationships 302001-303000...
  Inserting relationships 303001-304000...
  Inserting relationships 304001-305000...
  Inserting relationships 305001-306000...
  Inserting relationships 306001-307000...
  Inserting relationships 307001-308000...
  Inserting relationships 308001-309000...
  Inserting relationships 309001-310000...
  Inserting relationships 310001-311000...
  Inserting relationships 311001-312000...
  Inserting relationships 312001-313000...
  Inserting relationships 313001-314000...
  Inserting relationships 314001-315000...
  Inserting relationships 315001-316000...
  Inserting relationships 316001-317000...
  Inserting relationships 317001-318000...
  Inserting relationships 318001-319000...
  Inserting relationships 319001-320000...
  Inserting relationships 320001-321000...
  Inserting relationships 321001-322000...
  Inserting relationships 322001-323000...
  Inserting relationships 323001-324000...
  Inserting relationships 324001-325000...
  Inserting relationships 325001-326000...
  Inserting relationships 326001-327000...
  Inserting relationships 327001-328000...
  Inserting relationships 328001-329000...
  Inserting relationships 329001-330000...
  Inserting relationships 330001-331000...
  Inserting relationships 331001-332000...
  Inserting relationships 332001-333000...
  Inserting relationships 333001-334000...
  Inserting relationships 334001-335000...
  Inserting relationships 335001-336000...
  Inserting relationships 336001-337000...
  Inserting relationships 337001-338000...
  Inserting relationships 338001-339000...
  Inserting relationships 339001-340000...
  Inserting relationships 340001-341000...
  Inserting relationships 341001-342000...
  Inserting relationships 342001-343000...
  Inserting relationships 343001-344000...
  Inserting relationships 344001-345000...
  Inserting relationships 345001-346000...
  Inserting relationships 346001-347000...
  Inserting relationships 347001-348000...
  Inserting relationships 348001-349000...
  Inserting relationships 349001-350000...
  Inserting relationships 350001-351000...
  Inserting relationships 351001-352000...
  Inserting relationships 352001-353000...
  Inserting relationships 353001-354000...
  Inserting relationships 354001-355000...
  Inserting relationships 355001-356000...
  Inserting relationships 356001-357000...
  Inserting relationships 357001-358000...
  Inserting relationships 358001-359000...
  Inserting relationships 359001-360000...
  Inserting relationships 360001-361000...
  Inserting relationships 361001-362000...
  Inserting relationships 362001-363000...
  Inserting relationships 363001-364000...
  Inserting relationships 364001-365000...
  Inserting relationships 365001-366000...
  Inserting relationships 366001-367000...
  Inserting relationships 367001-368000...
  Inserting relationships 368001-369000...
  Inserting relationships 369001-370000...
  Inserting relationships 370001-371000...
  Inserting relationships 371001-372000...
  Inserting relationships 372001-373000...
  Inserting relationships 373001-374000...
  Inserting relationships 374001-375000...
  Inserting relationships 375001-376000...
  Inserting relationships 376001-377000...
  Inserting relationships 377001-378000...
  Inserting relationships 378001-379000...
  Inserting relationships 379001-380000...
  Inserting relationships 380001-381000...
  Inserting relationships 381001-382000...
  Inserting relationships 382001-383000...
  Inserting relationships 383001-384000...
  Inserting relationships 384001-385000...
  Inserting relationships 385001-386000...
  Inserting relationships 386001-387000...
  Inserting relationships 387001-388000...
  Inserting relationships 388001-389000...
  Inserting relationships 389001-390000...
  Inserting relationships 390001-391000...
  Inserting relationships 391001-392000...
  Inserting relationships 392001-393000...
  Inserting relationships 393001-394000...
  Inserting relationships 394001-395000...
  Inserting relationships 395001-396000...
  Inserting relationships 396001-397000...
  Inserting relationships 397001-398000...
  Inserting relationships 398001-399000...
  Inserting relationships 399001-400000...
  Inserting relationships 400001-401000...
  Inserting relationships 401001-402000...
  Inserting relationships 402001-403000...
  Inserting relationships 403001-404000...
  Inserting relationships 404001-405000...
  Inserting relationships 405001-406000...
  Inserting relationships 406001-407000...
  Inserting relationships 407001-408000...
  Inserting relationships 408001-409000...
  Inserting relationships 409001-410000...
  Inserting relationships 410001-411000...
  Inserting relationships 411001-412000...
  Inserting relationships 412001-413000...
  Inserting relationships 413001-414000...
  Inserting relationships 414001-415000...
  Inserting relationships 415001-416000...
  Inserting relationships 416001-417000...
  Inserting relationships 417001-418000...
  Inserting relationships 418001-419000...
  Inserting relationships 419001-420000...
  Inserting relationships 420001-421000...
  Inserting relationships 421001-422000...
  Inserting relationships 422001-423000...
  Inserting relationships 423001-424000...
  Inserting relationships 424001-425000...
  Inserting relationships 425001-426000...
  Inserting relationships 426001-427000...
  Inserting relationships 427001-428000...
  Inserting relationships 428001-429000...
  Inserting relationships 429001-430000...
  Inserting relationships 430001-431000...
  Inserting relationships 431001-432000...
  Inserting relationships 432001-433000...
  Inserting relationships 433001-434000...
  Inserting relationships 434001-435000...
  Inserting relationships 435001-436000...
  Inserting relationships 436001-437000...
  Inserting relationships 437001-438000...
  Inserting relationships 438001-439000...
  Inserting relationships 439001-440000...
  Inserting relationships 440001-441000...
  Inserting relationships 441001-442000...
  Inserting relationships 442001-443000...
  Inserting relationships 443001-444000...
  Inserting relationships 444001-445000...
  Inserting relationships 445001-446000...
  Inserting relationships 446001-447000...
  Inserting relationships 447001-448000...
  Inserting relationships 448001-449000...
  Inserting relationships 449001-450000...
  Inserting relationships 450001-451000...
  Inserting relationships 451001-452000...
  Inserting relationships 452001-453000...
  Inserting relationships 453001-454000...
  Inserting relationships 454001-455000...
  Inserting relationships 455001-456000...
  Inserting relationships 456001-457000...
  Inserting relationships 457001-458000...
  Inserting relationships 458001-459000...
  Inserting relationships 459001-460000...
  Inserting relationships 460001-461000...
  Inserting relationships 461001-462000...
  Inserting relationships 462001-463000...
  Inserting relationships 463001-464000...
  Inserting relationships 464001-465000...
  Inserting relationships 465001-466000...
  Inserting relationships 466001-467000...
  Inserting relationships 467001-468000...
  Inserting relationships 468001-469000...
  Inserting relationships 469001-470000...
  Inserting relationships 470001-471000...
  Inserting relationships 471001-472000...
  Inserting relationships 472001-473000...
  Inserting relationships 473001-474000...
  Inserting relationships 474001-475000...
  Inserting relationships 475001-476000...
  Inserting relationships 476001-477000...
  Inserting relationships 477001-478000...
  Inserting relationships 478001-479000...
  Inserting relationships 479001-480000...
  Inserting relationships 480001-481000...
  Inserting relationships 481001-482000...
  Inserting relationships 482001-483000...
  Inserting relationships 483001-484000...
  Inserting relationships 484001-485000...
  Inserting relationships 485001-486000...
  Inserting relationships 486001-487000...
  Inserting relationships 487001-488000...
  Inserting relationships 488001-489000...
  Inserting relationships 489001-490000...
  Inserting relationships 490001-491000...
  Inserting relationships 491001-492000...
  Inserting relationships 492001-493000...
  Inserting relationships 493001-494000...
  Inserting relationships 494001-495000...
  Inserting relationships 495001-496000...
  Inserting relationships 496001-497000...
  Inserting relationships 497001-498000...
  Inserting relationships 498001-499000...
  Inserting relationships 499001-500000...
  Inserting relationships 500001-501000...
  Inserting relationships 501001-502000...
  Inserting relationships 502001-503000...
  Inserting relationships 503001-504000...
  Inserting relationships 504001-505000...
  Inserting relationships 505001-506000...
  Inserting relationships 506001-507000...
  Inserting relationships 507001-508000...
  Inserting relationships 508001-509000...
  Inserting relationships 509001-510000...
  Inserting relationships 510001-511000...
  Inserting relationships 511001-512000...
  Inserting relationships 512001-513000...
  Inserting relationships 513001-514000...
  Inserting relationships 514001-515000...
  Inserting relationships 515001-516000...
  Inserting relationships 516001-517000...
  Inserting relationships 517001-518000...
  Inserting relationships 518001-519000...
  Inserting relationships 519001-520000...
  Inserting relationships 520001-521000...
  Inserting relationships 521001-522000...
  Inserting relationships 522001-523000...
  Inserting relationships 523001-524000...
  Inserting relationships 524001-525000...
  Inserting relationships 525001-526000...
  Inserting relationships 526001-527000...
  Inserting relationships 527001-528000...
  Inserting relationships 528001-529000...
  Inserting relationships 529001-530000...
  Inserting relationships 530001-531000...
  Inserting relationships 531001-532000...
  Inserting relationships 532001-533000...
  Inserting relationships 533001-534000...
  Inserting relationships 534001-535000...
  Inserting relationships 535001-536000...
  Inserting relationships 536001-537000...
  Inserting relationships 537001-538000...
  Inserting relationships 538001-539000...
  Inserting relationships 539001-540000...
  Inserting relationships 540001-541000...
  Inserting relationships 541001-542000...
  Inserting relationships 542001-543000...
  Inserting relationships 543001-544000...
  Inserting relationships 544001-545000...
  Inserting relationships 545001-546000...
  Inserting relationships 546001-547000...
  Inserting relationships 547001-548000...
  Inserting relationships 548001-549000...
  Inserting relationships 549001-550000...
  Inserting relationships 550001-551000...
  Inserting relationships 551001-552000...
  Inserting relationships 552001-553000...
  Inserting relationships 553001-554000...
  Inserting relationships 554001-555000...
  Inserting relationships 555001-556000...
  Inserting relationships 556001-557000...
  Inserting relationships 557001-558000...
  Inserting relationships 558001-559000...
  Inserting relationships 559001-560000...
  Inserting relationships 560001-561000...
  Inserting relationships 561001-562000...
  Inserting relationships 562001-563000...
  Inserting relationships 563001-564000...
  Inserting relationships 564001-565000...
  Inserting relationships 565001-566000...
  Inserting relationships 566001-567000...
  Inserting relationships 567001-568000...
  Inserting relationships 568001-569000...
  Inserting relationships 569001-570000...
  Inserting relationships 570001-571000...
  Inserting relationships 571001-572000...
  Inserting relationships 572001-573000...
  Inserting relationships 573001-574000...
  Inserting relationships 574001-575000...
  Inserting relationships 575001-576000...
  Inserting relationships 576001-577000...
  Inserting relationships 577001-578000...
  Inserting relationships 578001-579000...
  Inserting relationships 579001-580000...
  Inserting relationships 580001-581000...
  Inserting relationships 581001-582000...
  Inserting relationships 582001-583000...
  Inserting relationships 583001-584000...
  Inserting relationships 584001-585000...
  Inserting relationships 585001-586000...
  Inserting relationships 586001-587000...
  Inserting relationships 587001-588000...
  Inserting relationships 588001-589000...
  Inserting relationships 589001-590000...
  Inserting relationships 590001-591000...
  Inserting relationships 591001-592000...
  Inserting relationships 592001-593000...
  Inserting relationships 593001-594000...
  Inserting relationships 594001-595000...
  Inserting relationships 595001-596000...
  Inserting relationships 596001-597000...
  Inserting relationships 597001-598000...
  Inserting relationships 598001-599000...
  Inserting relationships 599001-600000...
  Inserting relationships 600001-601000...
  Inserting relationships 601001-602000...
  Inserting relationships 602001-603000...
  Inserting relationships 603001-604000...
  Inserting relationships 604001-605000...
  Inserting relationships 605001-606000...
  Inserting relationships 606001-607000...
  Inserting relationships 607001-608000...
  Inserting relationships 608001-609000...
  Inserting relationships 609001-610000...
  Inserting relationships 610001-611000...
  Inserting relationships 611001-612000...
  Inserting relationships 612001-613000...
  Inserting relationships 613001-614000...
  Inserting relationships 614001-615000...
  Inserting relationships 615001-616000...
  Inserting relationships 616001-617000...
  Inserting relationships 617001-618000...
  Inserting relationships 618001-619000...
  Inserting relationships 619001-620000...
  Inserting relationships 620001-621000...
  Inserting relationships 621001-622000...
  Inserting relationships 622001-623000...
  Inserting relationships 623001-624000...
  Inserting relationships 624001-625000...
  Inserting relationships 625001-626000...
  Inserting relationships 626001-627000...
  Inserting relationships 627001-628000...
  Inserting relationships 628001-629000...
  Inserting relationships 629001-630000...
  Inserting relationships 630001-631000...
  Inserting relationships 631001-632000...
  Inserting relationships 632001-633000...
  Inserting relationships 633001-634000...
  Inserting relationships 634001-635000...
  Inserting relationships 635001-636000...
  Inserting relationships 636001-637000...
  Inserting relationships 637001-638000...
  Inserting relationships 638001-639000...
  Inserting relationships 639001-640000...
  Inserting relationships 640001-641000...
  Inserting relationships 641001-642000...
  Inserting relationships 642001-643000...
  Inserting relationships 643001-644000...
  Inserting relationships 644001-645000...
  Inserting relationships 645001-646000...
  Inserting relationships 646001-647000...
  Inserting relationships 647001-648000...
  Inserting relationships 648001-649000...
  Inserting relationships 649001-650000...
  Inserting relationships 650001-651000...
  Inserting relationships 651001-652000...
  Inserting relationships 652001-653000...
  Inserting relationships 653001-654000...
  Inserting relationships 654001-655000...
  Inserting relationships 655001-656000...
  Inserting relationships 656001-657000...
  Inserting relationships 657001-658000...
  Inserting relationships 658001-659000...
  Inserting relationships 659001-660000...
  Inserting relationships 660001-661000...
  Inserting relationships 661001-662000...
  Inserting relationships 662001-663000...
  Inserting relationships 663001-664000...
  Inserting relationships 664001-665000...
  Inserting relationships 665001-666000...
  Inserting relationships 666001-667000...
  Inserting relationships 667001-668000...
  Inserting relationships 668001-669000...
  Inserting relationships 669001-670000...
  Inserting relationships 670001-671000...
  Inserting relationships 671001-672000...
  Inserting relationships 672001-673000...
  Inserting relationships 673001-674000...
  Inserting relationships 674001-675000...
  Inserting relationships 675001-676000...
  Inserting relationships 676001-677000...
  Inserting relationships 677001-678000...
  Inserting relationships 678001-679000...
  Inserting relationships 679001-680000...
  Inserting relationships 680001-681000...
  Inserting relationships 681001-682000...
  Inserting relationships 682001-683000...
  Inserting relationships 683001-684000...
  Inserting relationships 684001-685000...
  Inserting relationships 685001-686000...
  Inserting relationships 686001-687000...
  Inserting relationships 687001-688000...
  Inserting relationships 688001-689000...
  Inserting relationships 689001-690000...
  Inserting relationships 690001-691000...
  Inserting relationships 691001-692000...
  Inserting relationships 692001-693000...
  Inserting relationships 693001-694000...
  Inserting relationships 694001-695000...
  Inserting relationships 695001-696000...
  Inserting relationships 696001-697000...
  Inserting relationships 697001-698000...
  Inserting relationships 698001-699000...
  Inserting relationships 699001-700000...
  Inserting relationships 700001-701000...
  Inserting relationships 701001-702000...
  Inserting relationships 702001-703000...
  Inserting relationships 703001-704000...
  Inserting relationships 704001-705000...
  Inserting relationships 705001-706000...
  Inserting relationships 706001-707000...
  Inserting relationships 707001-708000...
  Inserting relationships 708001-709000...
  Inserting relationships 709001-710000...
  Inserting relationships 710001-711000...
  Inserting relationships 711001-712000...
  Inserting relationships 712001-713000...
  Inserting relationships 713001-714000...
  Inserting relationships 714001-715000...
  Inserting relationships 715001-716000...
  Inserting relationships 716001-717000...
  Inserting relationships 717001-718000...
  Inserting relationships 718001-719000...
  Inserting relationships 719001-720000...
  Inserting relationships 720001-721000...
  Inserting relationships 721001-722000...
  Inserting relationships 722001-723000...
  Inserting relationships 723001-724000...
  Inserting relationships 724001-725000...
  Inserting relationships 725001-726000...
  Inserting relationships 726001-727000...
  Inserting relationships 727001-728000...
  Inserting relationships 728001-729000...
  Inserting relationships 729001-730000...
  Inserting relationships 730001-731000...
  Inserting relationships 731001-732000...
  Inserting relationships 732001-733000...
  Inserting relationships 733001-734000...
  Inserting relationships 734001-735000...
  Inserting relationships 735001-736000...
  Inserting relationships 736001-737000...
  Inserting relationships 737001-738000...
  Inserting relationships 738001-739000...
  Inserting relationships 739001-740000...
  Inserting relationships 740001-741000...
  Inserting relationships 741001-742000...
  Inserting relationships 742001-743000...
  Inserting relationships 743001-744000...
  Inserting relationships 744001-745000...
  Inserting relationships 745001-746000...
  Inserting relationships 746001-747000...
  Inserting relationships 747001-748000...
  Inserting relationships 748001-749000...
  Inserting relationships 749001-750000...
  Inserting relationships 750001-751000...
  Inserting relationships 751001-752000...
  Inserting relationships 752001-753000...
  Inserting relationships 753001-754000...
  Inserting relationships 754001-755000...
  Inserting relationships 755001-756000...
  Inserting relationships 756001-757000...
  Inserting relationships 757001-758000...
  Inserting relationships 758001-759000...
  Inserting relationships 759001-760000...
  Inserting relationships 760001-761000...
  Inserting relationships 761001-762000...
  Inserting relationships 762001-763000...
  Inserting relationships 763001-764000...
  Inserting relationships 764001-765000...
  Inserting relationships 765001-766000...
  Inserting relationships 766001-767000...
  Inserting relationships 767001-768000...
  Inserting relationships 768001-769000...
  Inserting relationships 769001-770000...
  Inserting relationships 770001-771000...
  Inserting relationships 771001-772000...
  Inserting relationships 772001-773000...
  Inserting relationships 773001-774000...
  Inserting relationships 774001-775000...
  Inserting relationships 775001-776000...
  Inserting relationships 776001-777000...
  Inserting relationships 777001-778000...
  Inserting relationships 778001-779000...
  Inserting relationships 779001-780000...
  Inserting relationships 780001-781000...
  Inserting relationships 781001-782000...
  Inserting relationships 782001-783000...
  Inserting relationships 783001-784000...
  Inserting relationships 784001-785000...
  Inserting relationships 785001-786000...
  Inserting relationships 786001-787000...
  Inserting relationships 787001-788000...
  Inserting relationships 788001-789000...
  Inserting relationships 789001-790000...
  Inserting relationships 790001-791000...
  Inserting relationships 791001-792000...
  Inserting relationships 792001-793000...
  Inserting relationships 793001-794000...
  Inserting relationships 794001-795000...
  Inserting relationships 795001-796000...
  Inserting relationships 796001-797000...
  Inserting relationships 797001-798000...
  Inserting relationships 798001-799000...
  Inserting relationships 799001-800000...
  Inserting relationships 800001-801000...
  Inserting relationships 801001-802000...
  Inserting relationships 802001-803000...
  Inserting relationships 803001-804000...
  Inserting relationships 804001-805000...
  Inserting relationships 805001-806000...
  Inserting relationships 806001-807000...
  Inserting relationships 807001-808000...
  Inserting relationships 808001-809000...
  Inserting relationships 809001-810000...
  Inserting relationships 810001-811000...
  Inserting relationships 811001-812000...
  Inserting relationships 812001-813000...
  Inserting relationships 813001-814000...
  Inserting relationships 814001-815000...
  Inserting relationships 815001-816000...
  Inserting relationships 816001-817000...
  Inserting relationships 817001-818000...
  Inserting relationships 818001-819000...
  Inserting relationships 819001-820000...
  Inserting relationships 820001-821000...
  Inserting relationships 821001-822000...
  Inserting relationships 822001-823000...
  Inserting relationships 823001-824000...
  Inserting relationships 824001-825000...
  Inserting relationships 825001-826000...
  Inserting relationships 826001-827000...
  Inserting relationships 827001-828000...
  Inserting relationships 828001-829000...
  Inserting relationships 829001-830000...
  Inserting relationships 830001-831000...
  Inserting relationships 831001-832000...
  Inserting relationships 832001-833000...
  Inserting relationships 833001-834000...
  Inserting relationships 834001-835000...
  Inserting relationships 835001-836000...
  Inserting relationships 836001-837000...
  Inserting relationships 837001-838000...
  Inserting relationships 838001-839000...
  Inserting relationships 839001-840000...
  Inserting relationships 840001-841000...
  Inserting relationships 841001-842000...
  Inserting relationships 842001-843000...
  Inserting relationships 843001-844000...
  Inserting relationships 844001-845000...
  Inserting relationships 845001-846000...
  Inserting relationships 846001-847000...
  Inserting relationships 847001-848000...
  Inserting relationships 848001-849000...
  Inserting relationships 849001-850000...
  Inserting relationships 850001-851000...
  Inserting relationships 851001-851923...

📦 Ingesting UNSPSC...
  Found 158464 codes
  Inserting things 1-1000...
  Inserting things 1001-2000...
  Inserting things 2001-3000...
  Inserting things 3001-4000...
  Inserting things 4001-5000...
  Inserting things 5001-6000...
  Inserting things 6001-7000...
  Inserting things 7001-8000...
  Inserting things 8001-9000...
  Inserting things 9001-10000...
  Inserting things 10001-11000...
  Inserting things 11001-12000...
  Inserting things 12001-13000...
  Inserting things 13001-14000...
  Inserting things 14001-15000...
  Inserting things 15001-16000...
  Inserting things 16001-17000...
  Inserting things 17001-18000...
  Inserting things 18001-19000...
  Inserting things 19001-20000...
  Inserting things 20001-21000...
  Inserting things 21001-22000...
  Inserting things 22001-23000...
  Inserting things 23001-24000...
  Inserting things 24001-25000...
  Inserting things 25001-26000...
  Inserting things 26001-27000...
  Inserting things 27001-28000...
  Inserting things 28001-29000...
  Inserting things 29001-30000...
  Inserting things 30001-31000...
  Inserting things 31001-32000...
  Inserting things 32001-33000...
  Inserting things 33001-34000...
  Inserting things 34001-35000...
  Inserting things 35001-36000...
  Inserting things 36001-37000...
  Inserting things 37001-38000...
  Inserting things 38001-39000...
  Inserting things 39001-40000...
  Inserting things 40001-41000...
  Inserting things 41001-42000...
  Inserting things 42001-43000...
  Inserting things 43001-44000...
  Inserting things 44001-45000...
  Inserting things 45001-46000...
  Inserting things 46001-47000...
  Inserting things 47001-48000...
  Inserting things 48001-49000...
  Inserting things 49001-50000...
  Inserting things 50001-51000...
  Inserting things 51001-52000...
  Inserting things 52001-53000...
  Inserting things 53001-54000...
  Inserting things 54001-55000...
  Inserting things 55001-56000...
  Inserting things 56001-57000...
  Inserting things 57001-58000...
  Inserting things 58001-59000...
  Inserting things 59001-60000...
  Inserting things 60001-61000...
  Inserting things 61001-62000...
  Inserting things 62001-63000...
  Inserting things 63001-64000...
  Inserting things 64001-65000...
  Inserting things 65001-66000...
  Inserting things 66001-67000...
  Inserting things 67001-68000...
  Inserting things 68001-69000...
  Inserting things 69001-70000...
  Inserting things 70001-71000...
  Inserting things 71001-72000...
  Inserting things 72001-73000...
  Inserting things 73001-74000...
  Inserting things 74001-75000...
  Inserting things 75001-76000...
  Inserting things 76001-77000...
  Inserting things 77001-78000...
  Inserting things 78001-79000...
  Inserting things 79001-80000...
  Inserting things 80001-81000...
  Inserting things 81001-82000...
  Inserting things 82001-83000...
  Inserting things 83001-84000...
  Inserting things 84001-85000...
  Inserting things 85001-86000...
  Inserting things 86001-87000...
  Inserting things 87001-88000...
  Inserting things 88001-89000...
  Inserting things 89001-90000...
  Inserting things 90001-91000...
  Inserting things 91001-92000...
  Inserting things 92001-93000...
  Inserting things 93001-94000...
  Inserting things 94001-95000...
  Inserting things 95001-96000...
  Inserting things 96001-97000...
  Inserting things 97001-98000...
  Inserting things 98001-99000...
  Inserting things 99001-100000...
  Inserting things 100001-101000...
  Inserting things 101001-102000...
  Inserting things 102001-103000...
  Inserting things 103001-104000...
  Inserting things 104001-105000...
  Inserting things 105001-106000...
  Inserting things 106001-107000...
  Inserting things 107001-108000...
  Inserting things 108001-109000...
  Inserting things 109001-110000...
  Inserting things 110001-111000...
  Inserting things 111001-112000...
  Inserting things 112001-113000...
  Inserting things 113001-114000...
  Inserting things 114001-115000...
  Inserting things 115001-116000...
  Inserting things 116001-117000...
  Inserting things 117001-118000...
  Inserting things 118001-119000...
  Inserting things 119001-120000...
  Inserting things 120001-121000...
  Inserting things 121001-122000...
  Inserting things 122001-123000...
  Inserting things 123001-124000...
  Inserting things 124001-125000...
  Inserting things 125001-126000...
  Inserting things 126001-127000...
  Inserting things 127001-128000...
  Inserting things 128001-129000...
  Inserting things 129001-130000...
  Inserting things 130001-131000...
  Inserting things 131001-132000...
  Inserting things 132001-133000...
  Inserting things 133001-134000...
  Inserting things 134001-135000...
  Inserting things 135001-136000...
  Inserting things 136001-137000...
  Inserting things 137001-138000...
  Inserting things 138001-139000...
  Inserting things 139001-140000...
  Inserting things 140001-141000...
  Inserting things 141001-142000...
  Inserting things 142001-143000...
  Inserting things 143001-144000...
  Inserting things 144001-145000...
  Inserting things 145001-146000...
  Inserting things 146001-147000...
  Inserting things 147001-148000...
  Inserting things 148001-149000...
  Inserting things 149001-150000...
  Inserting things 150001-151000...
  Inserting things 151001-152000...
  Inserting things 152001-153000...
  Inserting things 153001-154000...
  Inserting things 154001-155000...
  Inserting things 155001-156000...
  Inserting things 156001-157000...
  Inserting things 157001-158000...
  Inserting things 158001-158463...
  Inserting relationships 1-1000...
  Inserting relationships 1001-2000...
  Inserting relationships 2001-3000...
  Inserting relationships 3001-4000...
  Inserting relationships 4001-5000...
  Inserting relationships 5001-6000...
  Inserting relationships 6001-7000...
  Inserting relationships 7001-8000...
  Inserting relationships 8001-9000...
  Inserting relationships 9001-10000...
  Inserting relationships 10001-11000...
  Inserting relationships 11001-12000...
  Inserting relationships 12001-13000...
  Inserting relationships 13001-14000...
  Inserting relationships 14001-15000...
  Inserting relationships 15001-16000...
  Inserting relationships 16001-17000...
  Inserting relationships 17001-18000...
  Inserting relationships 18001-19000...
  Inserting relationships 19001-20000...
  Inserting relationships 20001-21000...
  Inserting relationships 21001-22000...
  Inserting relationships 22001-23000...
  Inserting relationships 23001-24000...
  Inserting relationships 24001-25000...
  Inserting relationships 25001-26000...
  Inserting relationships 26001-27000...
  Inserting relationships 27001-28000...
  Inserting relationships 28001-29000...
  Inserting relationships 29001-30000...
  Inserting relationships 30001-31000...
  Inserting relationships 31001-32000...
  Inserting relationships 32001-33000...
  Inserting relationships 33001-34000...
  Inserting relationships 34001-35000...
  Inserting relationships 35001-36000...
  Inserting relationships 36001-37000...
  Inserting relationships 37001-38000...
  Inserting relationships 38001-39000...
  Inserting relationships 39001-40000...
  Inserting relationships 40001-41000...
  Inserting relationships 41001-42000...
  Inserting relationships 42001-43000...
  Inserting relationships 43001-44000...
  Inserting relationships 44001-45000...
  Inserting relationships 45001-46000...
  Inserting relationships 46001-47000...
  Inserting relationships 47001-48000...
  Inserting relationships 48001-49000...
  Inserting relationships 49001-50000...
  Inserting relationships 50001-51000...
  Inserting relationships 51001-52000...
  Inserting relationships 52001-53000...
  Inserting relationships 53001-54000...
  Inserting relationships 54001-55000...
  Inserting relationships 55001-56000...
  Inserting relationships 56001-57000...
  Inserting relationships 57001-58000...
  Inserting relationships 58001-59000...
  Inserting relationships 59001-60000...
  Inserting relationships 60001-61000...
  Inserting relationships 61001-62000...
  Inserting relationships 62001-63000...
  Inserting relationships 63001-64000...
  Inserting relationships 64001-65000...
  Inserting relationships 65001-66000...
  Inserting relationships 66001-67000...
  Inserting relationships 67001-68000...
  Inserting relationships 68001-69000...
  Inserting relationships 69001-70000...
  Inserting relationships 70001-71000...
  Inserting relationships 71001-72000...
  Inserting relationships 72001-73000...
  Inserting relationships 73001-74000...
  Inserting relationships 74001-75000...
  Inserting relationships 75001-76000...
  Inserting relationships 76001-77000...
  Inserting relationships 77001-78000...
  Inserting relationships 78001-79000...
  Inserting relationships 79001-80000...
  Inserting relationships 80001-81000...
  Inserting relationships 81001-82000...
  Inserting relationships 82001-83000...
  Inserting relationships 83001-84000...
  Inserting relationships 84001-85000...
  Inserting relationships 85001-86000...
  Inserting relationships 86001-87000...
  Inserting relationships 87001-88000...
  Inserting relationships 88001-89000...
  Inserting relationships 89001-90000...
  Inserting relationships 90001-91000...
  Inserting relationships 91001-92000...
  Inserting relationships 92001-93000...
  Inserting relationships 93001-94000...
  Inserting relationships 94001-95000...
  Inserting relationships 95001-96000...
  Inserting relationships 96001-97000...
  Inserting relationships 97001-98000...
  Inserting relationships 98001-99000...
  Inserting relationships 99001-100000...
  Inserting relationships 100001-101000...
  Inserting relationships 101001-102000...
  Inserting relationships 102001-103000...
  Inserting relationships 103001-104000...
  Inserting relationships 104001-105000...
  Inserting relationships 105001-106000...
  Inserting relationships 106001-107000...
  Inserting relationships 107001-108000...
  Inserting relationships 108001-109000...
  Inserting relationships 109001-110000...
  Inserting relationships 110001-111000...
  Inserting relationships 111001-112000...
  Inserting relationships 112001-113000...
  Inserting relationships 113001-114000...
  Inserting relationships 114001-115000...
  Inserting relationships 115001-116000...
  Inserting relationships 116001-117000...
  Inserting relationships 117001-118000...
  Inserting relationships 118001-119000...
  Inserting relationships 119001-120000...
  Inserting relationships 120001-121000...
  Inserting relationships 121001-122000...
  Inserting relationships 122001-123000...
  Inserting relationships 123001-124000...
  Inserting relationships 124001-125000...
  Inserting relationships 125001-126000...
  Inserting relationships 126001-127000...
  Inserting relationships 127001-128000...
  Inserting relationships 128001-129000...
  Inserting relationships 129001-130000...
  Inserting relationships 130001-131000...
  Inserting relationships 131001-132000...
  Inserting relationships 132001-133000...
  Inserting relationships 133001-134000...
  Inserting relationships 134001-135000...
  Inserting relationships 135001-136000...
  Inserting relationships 136001-137000...
  Inserting relationships 137001-138000...
  Inserting relationships 138001-139000...
  Inserting relationships 139001-140000...
  Inserting relationships 140001-141000...
  Inserting relationships 141001-142000...
  Inserting relationships 142001-143000...
  Inserting relationships 143001-144000...
  Inserting relationships 144001-145000...
  Inserting relationships 145001-146000...
  Inserting relationships 146001-147000...
  Inserting relationships 147001-148000...
  Inserting relationships 148001-149000...
  Inserting relationships 149001-150000...
  Inserting relationships 150001-151000...
  Inserting relationships 151001-152000...
  Inserting relationships 152001-153000...
  Inserting relationships 153001-154000...
  Inserting relationships 154001-155000...
  Inserting relationships 155001-156000...
  Inserting relationships 156001-157000...
  Inserting relationships 157001-158000...
  Inserting relationships 158001-158405...

📦 Ingesting APQC...
  Found 37708 processes
  Inserting 37708 things...

📦 Ingesting Models...
  Found 306 models
  Inserting 306 things...

✅ Database ingestion complete in 255.16s!

📊 Data successfully loaded into clickhouse
