🚀 Starting database ingestion...

📦 Ingesting Schema.org...
  Found 920 types
  Found 1510 properties
  Inserting 2430 things...
  Inserting 3257 relationships...

📦 Ingesting O*NET...
  Found 1016 occupations
  Found 62580 skill entries
  Found 59004 knowledge entries
  Inserting things 1-1000...
  Inserting things 1001-1084...
  Inserting relationships 1-1000...
  Inserting relationships 1001-2000...
  Inserting relationships 2001-3000...
  Inserting relationships 3001-4000...
  Inserting relationships 4001-5000...
  Inserting relationships 5001-6000...
  Inserting relationships 6001-7000...
  Inserting relationships 7001-8000...
  Inserting relationships 8001-9000...
  Inserting relationships 9001-10000...
  Inserting relationships 10001-11000...
  Inserting relationships 11001-12000...
  Inserting relationships 12001-13000...
  Inserting relationships 13001-14000...
  Inserting relationships 14001-15000...
  Inserting relationships 15001-16000...
  Inserting relationships 16001-17000...
  Inserting relationships 17001-18000...
  Inserting relationships 18001-19000...
  Inserting relationships 19001-20000...
  Inserting relationships 20001-21000...
  Inserting relationships 21001-22000...
  Inserting relationships 22001-23000...
  Inserting relationships 23001-24000...
  Inserting relationships 24001-25000...
  Inserting relationships 25001-26000...
  Inserting relationships 26001-27000...
  Inserting relationships 27001-28000...
  Inserting relationships 28001-29000...
  Inserting relationships 29001-30000...
  Inserting relationships 30001-31000...
  Inserting relationships 31001-32000...
  Inserting relationships 32001-33000...
  Inserting relationships 33001-34000...
  Inserting relationships 34001-35000...
  Inserting relationships 35001-36000...
  Inserting relationships 36001-37000...
  Inserting relationships 37001-38000...
  Inserting relationships 38001-39000...
  Inserting relationships 39001-40000...
  Inserting relationships 40001-41000...
  Inserting relationships 41001-42000...
  Inserting relationships 42001-43000...
  Inserting relationships 43001-44000...
  Inserting relationships 44001-45000...
  Inserting relationships 45001-46000...
  Inserting relationships 46001-47000...
  Inserting relationships 47001-48000...
  Inserting relationships 48001-49000...
  Inserting relationships 49001-50000...
  Inserting relationships 50001-51000...
  Inserting relationships 51001-52000...
  Inserting relationships 52001-53000...
  Inserting relationships 53001-54000...
  Inserting relationships 54001-55000...
  Inserting relationships 55001-56000...
  Inserting relationships 56001-57000...
  Inserting relationships 57001-58000...
  Inserting relationships 58001-59000...
  Inserting relationships 59001-60000...
  Inserting relationships 60001-61000...
  Inserting relationships 61001-62000...
  Inserting relationships 62001-63000...
  Inserting relationships 63001-64000...
  Inserting relationships 64001-65000...
  Inserting relationships 65001-66000...
  Inserting relationships 66001-67000...
  Inserting relationships 67001-68000...
  Inserting relationships 68001-69000...
  Inserting relationships 69001-70000...
  Inserting relationships 70001-71000...
  Inserting relationships 71001-72000...
  Inserting relationships 72001-73000...
  Inserting relationships 73001-74000...
  Inserting relationships 74001-75000...
  Inserting relationships 75001-76000...
  Inserting relationships 76001-77000...
  Inserting relationships 77001-78000...
  Inserting relationships 78001-79000...
  Inserting relationships 79001-80000...
  Inserting relationships 80001-81000...
  Inserting relationships 81001-82000...
  Inserting relationships 82001-83000...
  Inserting relationships 83001-84000...
  Inserting relationships 84001-85000...
  Inserting relationships 85001-86000...
  Inserting relationships 86001-87000...
  Inserting relationships 87001-88000...
  Inserting relationships 88001-89000...
  Inserting relationships 89001-90000...
  Inserting relationships 90001-91000...
  Inserting relationships 91001-92000...
  Inserting relationships 92001-93000...
  Inserting relationships 93001-94000...
  Inserting relationships 94001-95000...
  Inserting relationships 95001-96000...
  Inserting relationships 96001-97000...
  Inserting relationships 97001-98000...
  Inserting relationships 98001-99000...
  Inserting relationships 99001-100000...
  Inserting relationships 100001-101000...
  Inserting relationships 101001-102000...
  Inserting relationships 102001-103000...
  Inserting relationships 103001-104000...
  Inserting relationships 104001-105000...
  Inserting relationships 105001-106000...
  Inserting relationships 106001-107000...
  Inserting relationships 107001-108000...
  Inserting relationships 108001-109000...
  Inserting relationships 109001-110000...
  Inserting relationships 110001-111000...
  Inserting relationships 111001-112000...
  Inserting relationships 112001-113000...
  Inserting relationships 113001-114000...
  Inserting relationships 114001-115000...
  Inserting relationships 115001-116000...
  Inserting relationships 116001-117000...
  Inserting relationships 117001-118000...
  Inserting relationships 118001-119000...
  Inserting relationships 119001-120000...
  Inserting relationships 120001-121000...
  Inserting relationships 121001-121584...

📦 Ingesting UNSPSC...
  Found 158464 codes
  Inserting things 1-1000...
  Inserting things 1001-2000...
  Inserting things 2001-3000...
  Inserting things 3001-4000...
  Inserting things 4001-5000...
  Inserting things 5001-6000...
  Inserting things 6001-7000...
  Inserting things 7001-8000...
  Inserting things 8001-9000...
  Inserting things 9001-10000...
  Inserting things 10001-11000...
  Inserting things 11001-12000...
  Inserting things 12001-13000...
  Inserting things 13001-14000...
  Inserting things 14001-15000...
  Inserting things 15001-16000...
  Inserting things 16001-17000...
  Inserting things 17001-18000...
  Inserting things 18001-19000...
  Inserting things 19001-20000...
  Inserting things 20001-21000...
  Inserting things 21001-22000...
  Inserting things 22001-23000...
  Inserting things 23001-24000...
  Inserting things 24001-25000...
  Inserting things 25001-26000...
  Inserting things 26001-27000...
  Inserting things 27001-28000...
  Inserting things 28001-29000...
  Inserting things 29001-30000...
  Inserting things 30001-31000...
  Inserting things 31001-32000...
  Inserting things 32001-33000...
  Inserting things 33001-34000...
  Inserting things 34001-35000...
  Inserting things 35001-36000...
  Inserting things 36001-37000...
  Inserting things 37001-38000...
  Inserting things 38001-39000...
  Inserting things 39001-40000...
  Inserting things 40001-41000...
  Inserting things 41001-42000...
  Inserting things 42001-43000...
  Inserting things 43001-44000...
  Inserting things 44001-45000...
  Inserting things 45001-46000...
  Inserting things 46001-47000...
  Inserting things 47001-48000...
  Inserting things 48001-49000...
  Inserting things 49001-50000...
  Inserting things 50001-51000...
  Inserting things 51001-52000...
  Inserting things 52001-53000...
  Inserting things 53001-54000...
  Inserting things 54001-55000...
  Inserting things 55001-56000...
  Inserting things 56001-57000...
  Inserting things 57001-58000...
  Inserting things 58001-59000...
  Inserting things 59001-60000...
  Inserting things 60001-61000...
  Inserting things 61001-62000...
  Inserting things 62001-63000...
  Inserting things 63001-64000...
  Inserting things 64001-65000...
  Inserting things 65001-66000...
  Inserting things 66001-67000...
  Inserting things 67001-68000...
  Inserting things 68001-69000...
  Inserting things 69001-70000...
  Inserting things 70001-71000...
  Inserting things 71001-72000...
  Inserting things 72001-73000...
  Inserting things 73001-74000...
  Inserting things 74001-75000...
  Inserting things 75001-76000...
  Inserting things 76001-77000...
  Inserting things 77001-78000...
  Inserting things 78001-79000...
  Inserting things 79001-80000...
  Inserting things 80001-81000...
  Inserting things 81001-82000...
  Inserting things 82001-83000...
  Inserting things 83001-84000...
  Inserting things 84001-85000...
  Inserting things 85001-86000...
  Inserting things 86001-87000...
  Inserting things 87001-88000...
  Inserting things 88001-89000...
  Inserting things 89001-90000...
  Inserting things 90001-91000...
  Inserting things 91001-92000...
  Inserting things 92001-93000...
  Inserting things 93001-94000...
  Inserting things 94001-95000...
  Inserting things 95001-96000...
  Inserting things 96001-97000...
  Inserting things 97001-98000...
  Inserting things 98001-99000...
  Inserting things 99001-100000...
  Inserting things 100001-101000...
  Inserting things 101001-102000...
  Inserting things 102001-103000...
  Inserting things 103001-104000...
  Inserting things 104001-105000...
  Inserting things 105001-106000...
  Inserting things 106001-107000...
  Inserting things 107001-108000...
  Inserting things 108001-109000...
  Inserting things 109001-110000...
  Inserting things 110001-111000...
  Inserting things 111001-112000...
  Inserting things 112001-113000...
  Inserting things 113001-114000...
  Inserting things 114001-115000...
  Inserting things 115001-116000...
  Inserting things 116001-117000...
  Inserting things 117001-118000...
  Inserting things 118001-119000...
  Inserting things 119001-120000...
  Inserting things 120001-121000...
  Inserting things 121001-122000...
  Inserting things 122001-123000...
  Inserting things 123001-124000...
  Inserting things 124001-125000...
  Inserting things 125001-126000...
  Inserting things 126001-127000...
  Inserting things 127001-128000...
  Inserting things 128001-129000...
  Inserting things 129001-130000...
  Inserting things 130001-131000...
  Inserting things 131001-132000...
  Inserting things 132001-133000...
  Inserting things 133001-134000...
  Inserting things 134001-135000...
  Inserting things 135001-136000...
  Inserting things 136001-137000...
  Inserting things 137001-138000...
  Inserting things 138001-139000...
  Inserting things 139001-140000...
  Inserting things 140001-141000...
  Inserting things 141001-142000...
  Inserting things 142001-143000...
  Inserting things 143001-144000...
  Inserting things 144001-145000...
  Inserting things 145001-146000...
  Inserting things 146001-147000...
  Inserting things 147001-148000...
  Inserting things 148001-149000...
  Inserting things 149001-150000...
  Inserting things 150001-151000...
  Inserting things 151001-152000...
  Inserting things 152001-153000...
  Inserting things 153001-154000...
  Inserting things 154001-155000...
  Inserting things 155001-156000...
  Inserting things 156001-157000...
  Inserting things 157001-158000...
  Inserting things 158001-158463...
  Inserting relationships 1-1000...
  Inserting relationships 1001-2000...
  Inserting relationships 2001-3000...
  Inserting relationships 3001-4000...
  Inserting relationships 4001-5000...
  Inserting relationships 5001-6000...
  Inserting relationships 6001-7000...
  Inserting relationships 7001-8000...
  Inserting relationships 8001-9000...
  Inserting relationships 9001-10000...
  Inserting relationships 10001-11000...
  Inserting relationships 11001-12000...
  Inserting relationships 12001-13000...
  Inserting relationships 13001-14000...
  Inserting relationships 14001-15000...
  Inserting relationships 15001-16000...
  Inserting relationships 16001-17000...
  Inserting relationships 17001-18000...
  Inserting relationships 18001-19000...
  Inserting relationships 19001-20000...
  Inserting relationships 20001-21000...
  Inserting relationships 21001-22000...
  Inserting relationships 22001-23000...
  Inserting relationships 23001-24000...
  Inserting relationships 24001-25000...
  Inserting relationships 25001-26000...
  Inserting relationships 26001-27000...
  Inserting relationships 27001-28000...
  Inserting relationships 28001-29000...
  Inserting relationships 29001-30000...
  Inserting relationships 30001-31000...
  Inserting relationships 31001-32000...
  Inserting relationships 32001-33000...
  Inserting relationships 33001-34000...
  Inserting relationships 34001-35000...
  Inserting relationships 35001-36000...
  Inserting relationships 36001-37000...
  Inserting relationships 37001-38000...
  Inserting relationships 38001-39000...
  Inserting relationships 39001-40000...
  Inserting relationships 40001-41000...
  Inserting relationships 41001-42000...
  Inserting relationships 42001-43000...
  Inserting relationships 43001-44000...
  Inserting relationships 44001-45000...
  Inserting relationships 45001-46000...
  Inserting relationships 46001-47000...
  Inserting relationships 47001-48000...
  Inserting relationships 48001-49000...
  Inserting relationships 49001-50000...
  Inserting relationships 50001-51000...
  Inserting relationships 51001-52000...
  Inserting relationships 52001-53000...
  Inserting relationships 53001-54000...
  Inserting relationships 54001-55000...
  Inserting relationships 55001-56000...
  Inserting relationships 56001-57000...
  Inserting relationships 57001-58000...
  Inserting relationships 58001-59000...
  Inserting relationships 59001-60000...
  Inserting relationships 60001-61000...
  Inserting relationships 61001-62000...
  Inserting relationships 62001-63000...
  Inserting relationships 63001-64000...
  Inserting relationships 64001-65000...
  Inserting relationships 65001-66000...
  Inserting relationships 66001-67000...
  Inserting relationships 67001-68000...
  Inserting relationships 68001-69000...
  Inserting relationships 69001-70000...
  Inserting relationships 70001-71000...
  Inserting relationships 71001-72000...
  Inserting relationships 72001-73000...
  Inserting relationships 73001-74000...
  Inserting relationships 74001-75000...
  Inserting relationships 75001-76000...
  Inserting relationships 76001-77000...
  Inserting relationships 77001-78000...
  Inserting relationships 78001-79000...
  Inserting relationships 79001-80000...
  Inserting relationships 80001-81000...
  Inserting relationships 81001-82000...
  Inserting relationships 82001-83000...
  Inserting relationships 83001-84000...
  Inserting relationships 84001-85000...
  Inserting relationships 85001-86000...
  Inserting relationships 86001-87000...
  Inserting relationships 87001-88000...
  Inserting relationships 88001-89000...
  Inserting relationships 89001-90000...
  Inserting relationships 90001-91000...
  Inserting relationships 91001-92000...
  Inserting relationships 92001-93000...
  Inserting relationships 93001-94000...
  Inserting relationships 94001-95000...
  Inserting relationships 95001-96000...
  Inserting relationships 96001-97000...
  Inserting relationships 97001-98000...
  Inserting relationships 98001-99000...
  Inserting relationships 99001-100000...
  Inserting relationships 100001-101000...
  Inserting relationships 101001-102000...
  Inserting relationships 102001-103000...
  Inserting relationships 103001-104000...
  Inserting relationships 104001-105000...
  Inserting relationships 105001-106000...
  Inserting relationships 106001-107000...
  Inserting relationships 107001-108000...
  Inserting relationships 108001-109000...
  Inserting relationships 109001-110000...
  Inserting relationships 110001-111000...
  Inserting relationships 111001-112000...
  Inserting relationships 112001-113000...
  Inserting relationships 113001-114000...
  Inserting relationships 114001-115000...
  Inserting relationships 115001-116000...
  Inserting relationships 116001-117000...
  Inserting relationships 117001-118000...
  Inserting relationships 118001-119000...
  Inserting relationships 119001-120000...
  Inserting relationships 120001-121000...
  Inserting relationships 121001-122000...
  Inserting relationships 122001-123000...
  Inserting relationships 123001-124000...
  Inserting relationships 124001-125000...
  Inserting relationships 125001-126000...
  Inserting relationships 126001-127000...
  Inserting relationships 127001-128000...
  Inserting relationships 128001-129000...
  Inserting relationships 129001-130000...
  Inserting relationships 130001-131000...
  Inserting relationships 131001-132000...
  Inserting relationships 132001-133000...
  Inserting relationships 133001-134000...
  Inserting relationships 134001-135000...
  Inserting relationships 135001-136000...
  Inserting relationships 136001-137000...
  Inserting relationships 137001-138000...
  Inserting relationships 138001-139000...
  Inserting relationships 139001-140000...
  Inserting relationships 140001-141000...
  Inserting relationships 141001-142000...
  Inserting relationships 142001-143000...
  Inserting relationships 143001-144000...
  Inserting relationships 144001-145000...
  Inserting relationships 145001-146000...
  Inserting relationships 146001-147000...
  Inserting relationships 147001-148000...
  Inserting relationships 148001-149000...
  Inserting relationships 149001-150000...
  Inserting relationships 150001-151000...
  Inserting relationships 151001-152000...
  Inserting relationships 152001-153000...
  Inserting relationships 153001-154000...
  Inserting relationships 154001-155000...
  Inserting relationships 155001-156000...
  Inserting relationships 156001-157000...
  Inserting relationships 157001-158000...
  Inserting relationships 158001-158405...

📦 Ingesting APQC...
  Found 37708 processes
  Inserting 37708 things...
❌ Error during ingestion: RangeError: Maximum call stack size exceeded
    at mergeQueries (/Users/nathanclevenger/projects/graph.org.ai/node_modules/.pnpm/drizzle-orm@0.44.7_@opentelemetry+api@1.9.0_@types+better-sqlite3@7.6.13_better-sqlite3@12.4.6/node_modules/src/sql/sql.ts:78:17)
    at SQL.buildQueryFromSourceParams (/Users/nathanclevenger/projects/graph.org.ai/node_modules/.pnpm/drizzle-orm@0.44.7_@opentelemetry+api@1.9.0_@types+better-sqlite3@7.6.13_better-sqlite3@12.4.6/node_modules/src/sql/sql.ts:163:10)
    at <anonymous> (/Users/nathanclevenger/projects/graph.org.ai/node_modules/.pnpm/drizzle-orm@0.44.7_@opentelemetry+api@1.9.0_@types+better-sqlite3@7.6.13_better-sqlite3@12.4.6/node_modules/src/sql/sql.ts:139:23)
    at Object.startActiveSpan (/Users/nathanclevenger/projects/graph.org.ai/node_modules/.pnpm/drizzle-orm@0.44.7_@opentelemetry+api@1.9.0_@types+better-sqlite3@7.6.13_better-sqlite3@12.4.6/node_modules/src/tracing.ts:27:11)
    at SQL.toQuery (/Users/nathanclevenger/projects/graph.org.ai/node_modules/.pnpm/drizzle-orm@0.44.7_@opentelemetry+api@1.9.0_@types+better-sqlite3@7.6.13_better-sqlite3@12.4.6/node_modules/src/sql/sql.ts:138:17)
    at SQLiteSyncDialect.sqlToQuery (/Users/nathanclevenger/projects/graph.org.ai/node_modules/.pnpm/drizzle-orm@0.44.7_@opentelemetry+api@1.9.0_@types+better-sqlite3@7.6.13_better-sqlite3@12.4.6/node_modules/src/sqlite-core/dialect.ts:515:14)
    at QueryPromise._prepare (/Users/nathanclevenger/projects/graph.org.ai/node_modules/.pnpm/drizzle-orm@0.44.7_@opentelemetry+api@1.9.0_@types+better-sqlite3@7.6.13_better-sqlite3@12.4.6/node_modules/src/sqlite-core/query-builders/insert.ts:381:17)
    at QueryPromise.run (/Users/nathanclevenger/projects/graph.org.ai/node_modules/.pnpm/drizzle-orm@0.44.7_@opentelemetry+api@1.9.0_@types+better-sqlite3@7.6.13_better-sqlite3@12.4.6/node_modules/src/sqlite-core/query-builders/insert.ts:398:15)
    at QueryPromise.execute (/Users/nathanclevenger/projects/graph.org.ai/node_modules/.pnpm/drizzle-orm@0.44.7_@opentelemetry+api@1.9.0_@types+better-sqlite3@7.6.13_better-sqlite3@12.4.6/node_modules/src/sqlite-core/query-builders/insert.ts:414:53)
    at QueryPromise.then (/Users/nathanclevenger/projects/graph.org.ai/node_modules/.pnpm/drizzle-orm@0.44.7_@opentelemetry+api@1.9.0_@types+better-sqlite3@7.6.13_better-sqlite3@12.4.6/node_modules/src/query-promise.ts:31:15)
